<?xml version="1.0" encoding="UTF-8"?>
<!-- Generated by org.testng.reporters.JUnitReportReporter -->
<testsuite skipped="0" hostname="DESKTOP-KAP9CEQ" name="roundTest.TestRound" tests="1" failures="0" timestamp="2020-03-12T14:28:50 EET" time="38.122" errors="0">
  <testcase name="roundTest" time="38.122" classname="roundTest.TestRound"/>
  <system-out/>
</testsuite> <!-- roundTest.TestRound -->
